<?xml version="1.0" encoding="UTF-8"?>
<testng-results ignored="0" total="2" passed="2" failed="0" skipped="0">
  <reporter-output>
  </reporter-output>
  <suite started-at="2024-08-30T00:13:20 PDT" name="TestSuite1" finished-at="2024-08-30T00:13:59 PDT" duration-ms="38149">
    <groups>
    </groups>
    <test started-at="2024-08-30T00:13:20 PDT" name="IntegrationTest" finished-at="2024-08-30T00:13:59 PDT" duration-ms="38149">
      <class name="juiceShop.LoginPage">
        <test-method signature="login()[pri:0, instance:juiceShop.LoginPage@2b40ff9c]" started-at="2024-08-30T00:13:31 PDT" name="login" finished-at="2024-08-30T00:13:59 PDT" duration-ms="27149" status="PASS">
          <reporter-output>
          </reporter-output>
        </test-method> <!-- login -->
      </class> <!-- juiceShop.LoginPage -->
      <class name="juiceShop.RegisterPage">
        <test-method signature="register()[pri:0, instance:juiceShop.RegisterPage@402c4085]" started-at="2024-08-30T00:13:21 PDT" name="register" finished-at="2024-08-30T00:13:31 PDT" duration-ms="10955" status="PASS">
          <reporter-output>
          </reporter-output>
        </test-method> <!-- register -->
      </class> <!-- juiceShop.RegisterPage -->
    </test> <!-- IntegrationTest -->
  </suite> <!-- TestSuite1 -->
</testng-results>
